<?xml version="1.0" encoding="UTF-8"?>
<testsuites>
  <testsuite name="/home/user5/projects/php-project-57/phpunit.xml" tests="21" assertions="42" errors="0" failures="0" skipped="0" time="1.329587">
    <testsuite name="Feature" tests="21" assertions="42" errors="0" failures="0" skipped="0" time="1.329587">
      <testsuite name="Tests\Feature\LabelControllerTest" file="/home/user5/projects/php-project-57/tests/Feature/LabelControllerTest.php" tests="7" assertions="15" errors="0" failures="0" skipped="0" time="0.608958">
        <testcase name="testIndex" file="/home/user5/projects/php-project-57/tests/Feature/ResourceControllerTest.php" line="26" class="Tests\Feature\LabelControllerTest" classname="Tests.Feature.LabelControllerTest" assertions="1" time="0.336729"/>
        <testcase name="testCreate" file="/home/user5/projects/php-project-57/tests/Feature/ResourceControllerTest.php" line="32" class="Tests\Feature\LabelControllerTest" classname="Tests.Feature.LabelControllerTest" assertions="1" time="0.037634"/>
        <testcase name="testStore" file="/home/user5/projects/php-project-57/tests/Feature/ResourceControllerTest.php" line="38" class="Tests\Feature\LabelControllerTest" classname="Tests.Feature.LabelControllerTest" assertions="3" time="0.051876"/>
        <testcase name="testEdit" file="/home/user5/projects/php-project-57/tests/Feature/ResourceControllerTest.php" line="46" class="Tests\Feature\LabelControllerTest" classname="Tests.Feature.LabelControllerTest" assertions="1" time="0.042855"/>
        <testcase name="testUpdate" file="/home/user5/projects/php-project-57/tests/Feature/ResourceControllerTest.php" line="52" class="Tests\Feature\LabelControllerTest" classname="Tests.Feature.LabelControllerTest" assertions="3" time="0.035898"/>
        <testcase name="testDestroy" file="/home/user5/projects/php-project-57/tests/Feature/ResourceControllerTest.php" line="60" class="Tests\Feature\LabelControllerTest" classname="Tests.Feature.LabelControllerTest" assertions="3" time="0.041460"/>
        <testcase name="testDestroyWithAssociatedTask" file="/home/user5/projects/php-project-57/tests/Feature/LabelControllerTest.php" line="20" class="Tests\Feature\LabelControllerTest" classname="Tests.Feature.LabelControllerTest" assertions="3" time="0.062506"/>
      </testsuite>
      <testsuite name="Tests\Feature\TaskControllerTest" file="/home/user5/projects/php-project-57/tests/Feature/TaskControllerTest.php" tests="7" assertions="13" errors="0" failures="0" skipped="0" time="0.395912">
        <testcase name="testIndex" file="/home/user5/projects/php-project-57/tests/Feature/TaskControllerTest.php" line="28" class="Tests\Feature\TaskControllerTest" classname="Tests.Feature.TaskControllerTest" assertions="1" time="0.068626"/>
        <testcase name="testCreate" file="/home/user5/projects/php-project-57/tests/Feature/TaskControllerTest.php" line="34" class="Tests\Feature\TaskControllerTest" classname="Tests.Feature.TaskControllerTest" assertions="1" time="0.053425"/>
        <testcase name="testStore" file="/home/user5/projects/php-project-57/tests/Feature/TaskControllerTest.php" line="41" class="Tests\Feature\TaskControllerTest" classname="Tests.Feature.TaskControllerTest" assertions="3" time="0.058274"/>
        <testcase name="testShow" file="/home/user5/projects/php-project-57/tests/Feature/TaskControllerTest.php" line="60" class="Tests\Feature\TaskControllerTest" classname="Tests.Feature.TaskControllerTest" assertions="1" time="0.051901"/>
        <testcase name="testEdit" file="/home/user5/projects/php-project-57/tests/Feature/TaskControllerTest.php" line="66" class="Tests\Feature\TaskControllerTest" classname="Tests.Feature.TaskControllerTest" assertions="1" time="0.057819"/>
        <testcase name="testUpdate" file="/home/user5/projects/php-project-57/tests/Feature/TaskControllerTest.php" line="73" class="Tests\Feature\TaskControllerTest" classname="Tests.Feature.TaskControllerTest" assertions="3" time="0.059257"/>
        <testcase name="testDestroy" file="/home/user5/projects/php-project-57/tests/Feature/TaskControllerTest.php" line="91" class="Tests\Feature\TaskControllerTest" classname="Tests.Feature.TaskControllerTest" assertions="3" time="0.046611"/>
      </testsuite>
      <testsuite name="Tests\Feature\TaskStatusControllerTest" file="/home/user5/projects/php-project-57/tests/Feature/TaskStatusControllerTest.php" tests="7" assertions="14" errors="0" failures="0" skipped="0" time="0.324716">
        <testcase name="testIndex" file="/home/user5/projects/php-project-57/tests/Feature/ResourceControllerTest.php" line="26" class="Tests\Feature\TaskStatusControllerTest" classname="Tests.Feature.TaskStatusControllerTest" assertions="1" time="0.077384"/>
        <testcase name="testCreate" file="/home/user5/projects/php-project-57/tests/Feature/ResourceControllerTest.php" line="32" class="Tests\Feature\TaskStatusControllerTest" classname="Tests.Feature.TaskStatusControllerTest" assertions="1" time="0.047175"/>
        <testcase name="testStore" file="/home/user5/projects/php-project-57/tests/Feature/ResourceControllerTest.php" line="38" class="Tests\Feature\TaskStatusControllerTest" classname="Tests.Feature.TaskStatusControllerTest" assertions="3" time="0.038657"/>
        <testcase name="testEdit" file="/home/user5/projects/php-project-57/tests/Feature/ResourceControllerTest.php" line="46" class="Tests\Feature\TaskStatusControllerTest" classname="Tests.Feature.TaskStatusControllerTest" assertions="1" time="0.038406"/>
        <testcase name="testUpdate" file="/home/user5/projects/php-project-57/tests/Feature/ResourceControllerTest.php" line="52" class="Tests\Feature\TaskStatusControllerTest" classname="Tests.Feature.TaskStatusControllerTest" assertions="3" time="0.039672"/>
        <testcase name="testDestroy" file="/home/user5/projects/php-project-57/tests/Feature/ResourceControllerTest.php" line="60" class="Tests\Feature\TaskStatusControllerTest" classname="Tests.Feature.TaskStatusControllerTest" assertions="3" time="0.033672"/>
        <testcase name="testDestroyWithAssociatedTask" file="/home/user5/projects/php-project-57/tests/Feature/TaskStatusControllerTest.php" line="20" class="Tests\Feature\TaskStatusControllerTest" classname="Tests.Feature.TaskStatusControllerTest" assertions="2" time="0.049751"/>
      </testsuite>
    </testsuite>
  </testsuite>
</testsuites>
